This is LuaHBTeX, Version 1.18.1 (MiKTeX 24.4) (format=lualatex 2024.11.20)  20 NOV 2024 19:20
 restricted system commands enabled.
**main.tex
(./main.tex
LaTeX2e <2024-11-01>
L3 programming layer <2024-11-02>
Lua module: luaotfload 2024-02-14 v3.28 Lua based OpenType font support
Lua module: lualibs 2023-07-13 v2.76 ConTeXt Lua standard libraries.
Lua module: lualibs-extended 2023-07-13 v2.76 ConTeXt Lua libraries -- extended 
collection.
luaotfload | conf : Root cache directory is "C:/Users/Je/AppData/Local/MiKTeX/lu
atex-cache/generic/names".
luaotfload | init : Loading fontloader "fontloader-2023-12-28.lua" from kpse-res
olved path "C:/Program Files/MiKTeX/tex/luatex/luaotfload/fontloader-2023-12-28.
lua".
Lua-only attribute luaotfload@noligature = 1
luaotfload | init : Context OpenType loader version 3.134
Inserting `luaotfload.node_processor' in `pre_linebreak_filter'.
Inserting `luaotfload.node_processor' in `hpack_filter'.
Inserting `luaotfload.glyph_stream' in `glyph_stream_provider'.
Inserting `luaotfload.define_font' in `define_font'.
Lua-only attribute luaotfload_color_attribute = 2
luaotfload | conf : Root cache directory is "C:/Users/Je/AppData/Local/MiKTeX/lu
atex-cache/generic/names".
Inserting `luaotfload.harf.strip_prefix' in `find_opentype_file'.
Inserting `luaotfload.harf.strip_prefix' in `find_truetype_file'.
Removing  `luaotfload.glyph_stream' from `glyph_stream_provider'.
Inserting `luaotfload.harf.glyphstream' in `glyph_stream_provider'.
Inserting `luaotfload.harf.finalize_vlist' in `post_linebreak_filter'.
Inserting `luaotfload.harf.finalize_hlist' in `hpack_filter'.
Inserting `luaotfload.cleanup_files' in `wrapup_run'.
Inserting `luaotfload.harf.finalize_unicode' in `finish_pdffile'.
Inserting `luaotfload.glyphinfo' in `glyph_info'.
Lua-only attribute luaotfload.letterspace_done = 3
Inserting `luaotfload.aux.set_sscale_dimens' in `luaotfload.patch_font'.
Inserting `luaotfload.aux.set_font_index' in `luaotfload.patch_font'.
Inserting `luaotfload.aux.patch_cambria_domh' in `luaotfload.patch_font'.
Inserting `luaotfload.aux.fixup_fontdata' in `luaotfload.patch_font_unsafe'.
Inserting `luaotfload.aux.set_capheight' in `luaotfload.patch_font'.
Inserting `luaotfload.aux.set_xheight' in `luaotfload.patch_font'.
Inserting `luaotfload.rewrite_fontname' in `luaotfload.patch_font'.
Inserting `tracingstacklevels' in `input_level_string'. (./if-beamer.cls
Document Class: if-beamer 10/09/2018, v1.0.1
("C:/Program Files/MiKTeX/tex/latex/beamer/beamer.cls"
Document Class: beamer 2024/01/06 v3.71 A class for typesetting presentations
("C:/Program Files/MiKTeX/tex/latex/beamer/beamerbasemodes.sty"
("C:/Program Files/MiKTeX/tex/latex/etoolbox/etoolbox.sty"
Package: etoolbox 2020/10/05 v2.5k e-TeX tools for LaTeX (JAW)
\etb@tempcnta=\count194
)
\beamer@tempbox=\box52
\beamer@tempcount=\count195
\c@beamerpauses=\count196

("C:/Program Files/MiKTeX/tex/latex/beamer/beamerbasedecode.sty"
\beamer@slideinframe=\count197
\beamer@minimum=\count198
\beamer@decode@box=\box53
)
\beamer@commentbox=\box54
\beamer@modecount=\count199
)
("C:/Program Files/MiKTeX/tex/generic/iftex/iftex.sty"
Package: iftex 2022/02/03 v1.0f TeX engine tests
)
\headdp=\dimen140
\footheight=\dimen141
\sidebarheight=\dimen142
\beamer@tempdim=\dimen143
\beamer@finalheight=\dimen144
\beamer@animht=\dimen145
\beamer@animdp=\dimen146
\beamer@animwd=\dimen147
\beamer@leftmargin=\dimen148
\beamer@rightmargin=\dimen149
\beamer@leftsidebar=\dimen150
\beamer@rightsidebar=\dimen151
\beamer@boxsize=\dimen152
\beamer@vboxoffset=\dimen153
\beamer@descdefault=\dimen154
\beamer@descriptionwidth=\dimen155
\beamer@lastskip=\skip49
\beamer@areabox=\box55
\beamer@animcurrent=\box56
\beamer@animshowbox=\box57
\beamer@sectionbox=\box58
\beamer@logobox=\box59
\beamer@linebox=\box60
\beamer@sectioncount=\count266
\beamer@subsubsectionmax=\count267
\beamer@subsectionmax=\count268
\beamer@sectionmax=\count269
\beamer@totalheads=\count270
\beamer@headcounter=\count271
\beamer@partstartpage=\count272
\beamer@sectionstartpage=\count273
\beamer@subsectionstartpage=\count274
\beamer@animationtempa=\count275
\beamer@animationtempb=\count276
\beamer@xpos=\count277
\beamer@ypos=\count278
\beamer@ypos@offset=\count279
\beamer@showpartnumber=\count280
\beamer@currentsubsection=\count281
\beamer@coveringdepth=\count282
\beamer@sectionadjust=\count283
\beamer@toclastsection=\count284
\beamer@tocsectionnumber=\count285

("C:/Program Files/MiKTeX/tex/latex/beamer/beamerbaseoptions.sty"
("C:/Program Files/MiKTeX/tex/latex/graphics/keyval.sty"
Package: keyval 2022/05/29 v1.15 key=value parser (DPC)
\KV@toks@=\toks17
))
\beamer@paperwidth=\skip50
\beamer@paperheight=\skip51

("C:/Program Files/MiKTeX/tex/latex/geometry/geometry.sty"
Package: geometry 2020/01/02 v5.9 Page Geometry

("C:/Program Files/MiKTeX/tex/generic/iftex/ifvtex.sty"
Package: ifvtex 2019/10/25 v1.7 ifvtex legacy package. Use iftex instead.
)
\Gm@cnth=\count286
\Gm@cntv=\count287
\c@Gm@tempcnt=\count288
\Gm@bindingoffset=\dimen156
\Gm@wd@mp=\dimen157
\Gm@odd@mp=\dimen158
\Gm@even@mp=\dimen159
\Gm@layoutwidth=\dimen160
\Gm@layoutheight=\dimen161
\Gm@layouthoffset=\dimen162
\Gm@layoutvoffset=\dimen163
\Gm@dimlist=\toks18

("C:/Program Files/MiKTeX/tex/latex/geometry/geometry.cfg"))
("C:/Program Files/MiKTeX/tex/latex/pgf/math/pgfmath.sty"
("C:/Program Files/MiKTeX/tex/latex/pgf/utilities/pgfrcs.sty"
("C:/Program Files/MiKTeX/tex/generic/pgf/utilities/pgfutil-common.tex"
\pgfutil@everybye=\toks19
\pgfutil@tempdima=\dimen164
\pgfutil@tempdimb=\dimen165
)
("C:/Program Files/MiKTeX/tex/generic/pgf/utilities/pgfutil-latex.def"
\pgfutil@abb=\box61
)
("C:/Program Files/MiKTeX/tex/generic/pgf/utilities/pgfrcs.code.tex"
("C:/Program Files/MiKTeX/tex/generic/pgf/pgf.revision.tex")
Package: pgfrcs 2023-01-15 v3.1.10 (3.1.10)
))
("C:/Program Files/MiKTeX/tex/latex/pgf/utilities/pgfkeys.sty"
("C:/Program Files/MiKTeX/tex/generic/pgf/utilities/pgfkeys.code.tex"
\pgfkeys@pathtoks=\toks20
\pgfkeys@temptoks=\toks21

("C:/Program Files/MiKTeX/tex/generic/pgf/utilities/pgfkeyslibraryfiltered.code
.tex"
\pgfkeys@tmptoks=\toks22
))) ("C:/Program Files/MiKTeX/tex/generic/pgf/math/pgfmath.code.tex"
("C:/Program Files/MiKTeX/tex/generic/pgf/math/pgfmathutil.code.tex"
\pgf@x=\dimen166
\pgf@xa=\dimen167
\pgf@xb=\dimen168
\pgf@xc=\dimen169
\pgf@y=\dimen170
\pgf@ya=\dimen171
\pgf@yb=\dimen172
\pgf@yc=\dimen173
\c@pgf@counta=\count289
\c@pgf@countb=\count290
\c@pgf@countc=\count291
\c@pgf@countd=\count292
)
("C:/Program Files/MiKTeX/tex/generic/pgf/math/pgfmathparser.code.tex"
\pgfmath@dimen=\dimen174
\pgfmath@count=\count293
\pgfmath@box=\box62
\pgfmath@toks=\toks23
\pgfmath@stack@operand=\toks24
\pgfmath@stack@operation=\toks25
)
("C:/Program Files/MiKTeX/tex/generic/pgf/math/pgfmathfunctions.code.tex")
("C:/Program Files/MiKTeX/tex/generic/pgf/math/pgfmathfunctions.basic.code.tex"
)
("C:/Program Files/MiKTeX/tex/generic/pgf/math/pgfmathfunctions.trigonometric.c
ode.tex")
("C:/Program Files/MiKTeX/tex/generic/pgf/math/pgfmathfunctions.random.code.tex
")
("C:/Program Files/MiKTeX/tex/generic/pgf/math/pgfmathfunctions.comparison.code
.tex")
("C:/Program Files/MiKTeX/tex/generic/pgf/math/pgfmathfunctions.base.code.tex") ("C:/Program Files/MiKTeX/tex/generic/pgf/math/pgfmathfunctions.round.code.tex") ("C:/Program Files/MiKTeX/tex/generic/pgf/math/pgfmathfunctions.misc.code.tex")
("C:/Program Files/MiKTeX/tex/generic/pgf/math/pgfmathfunctions.integerarithmet
ics.code.tex")
("C:/Program Files/MiKTeX/tex/generic/pgf/math/pgfmathcalc.code.tex")
("C:/Program Files/MiKTeX/tex/generic/pgf/math/pgfmathfloat.code.tex"
\c@pgfmathroundto@lastzeros=\count294
)))
("C:/Program Files/MiKTeX/tex/latex/extsizes/size8.clo"
File: size8.clo 1999/11/11 v1.4a NON-Standard LaTeX file (size option)
luaotfload | db : Font names database loaded from C:/Users/Je/AppData/Local/MiKT
eX/luatex-cache/generic/names/luaotfload-names.luc.gz)
("C:/Program Files/MiKTeX/tex/latex/pgf/basiclayer/pgfcore.sty"
("C:/Program Files/MiKTeX/tex/latex/graphics/graphicx.sty"
Package: graphicx 2021/09/16 v1.2d Enhanced LaTeX Graphics (DPC,SPQR)

("C:/Program Files/MiKTeX/tex/latex/graphics/graphics.sty"
Package: graphics 2024/08/06 v1.4g Standard LaTeX Graphics (DPC,SPQR)

("C:/Program Files/MiKTeX/tex/latex/graphics/trig.sty"
Package: trig 2023/12/02 v1.11 sin cos tan (DPC)
)
("C:/Program Files/MiKTeX/tex/latex/graphics-cfg/graphics.cfg"
File: graphics.cfg 2016/06/04 v1.11 sample graphics configuration
)
Package graphics Info: Driver file: luatex.def on input line 106.

("C:/Program Files/MiKTeX/tex/latex/graphics-def/luatex.def"
File: luatex.def 2024/04/13 v1.2e Graphics/color driver for luatex
))
\Gin@req@height=\dimen175
\Gin@req@width=\dimen176
)
("C:/Program Files/MiKTeX/tex/latex/pgf/systemlayer/pgfsys.sty"
("C:/Program Files/MiKTeX/tex/generic/pgf/systemlayer/pgfsys.code.tex"
Package: pgfsys 2023-01-15 v3.1.10 (3.1.10)
\pgf@x=\dimen177
\pgf@y=\dimen178
\pgf@xa=\dimen179
\pgf@ya=\dimen180
\pgf@xb=\dimen181
\pgf@yb=\dimen182
\pgf@xc=\dimen183
\pgf@yc=\dimen184
\pgf@xd=\dimen185
\pgf@yd=\dimen186
\w@pgf@writea=\write3
\r@pgf@reada=\read2
\c@pgf@counta=\count295
\c@pgf@countb=\count296
\c@pgf@countc=\count297
\c@pgf@countd=\count298
\t@pgf@toka=\toks26
\t@pgf@tokb=\toks27
\t@pgf@tokc=\toks28
\pgf@sys@id@count=\count299

("C:/Program Files/MiKTeX/tex/generic/pgf/systemlayer/pgf.cfg"
File: pgf.cfg 2023-01-15 v3.1.10 (3.1.10)
)
Driver file for pgf: pgfsys-luatex.def

("C:/Program Files/MiKTeX/tex/generic/pgf/systemlayer/pgfsys-luatex.def"
File: pgfsys-luatex.def 2023-01-15 v3.1.10 (3.1.10)

("C:/Program Files/MiKTeX/tex/generic/pgf/systemlayer/pgfsys-common-pdf.def"
File: pgfsys-common-pdf.def 2023-01-15 v3.1.10 (3.1.10)
))) ("C:/Program Files/MiKTeX/tex/generic/pgf/systemlayer/pgfsyssoftpath.code.t
ex"
File: pgfsyssoftpath.code.tex 2023-01-15 v3.1.10 (3.1.10)
\pgfsyssoftpath@smallbuffer@items=\count300
\pgfsyssoftpath@bigbuffer@items=\count301
) ("C:/Program Files/MiKTeX/tex/generic/pgf/systemlayer/pgfsysprotocol.code.tex
"
File: pgfsysprotocol.code.tex 2023-01-15 v3.1.10 (3.1.10)
)) ("C:/Program Files/MiKTeX/tex/latex/xcolor/xcolor.sty"
Package: xcolor 2024/09/29 v3.02 LaTeX color extensions (UK)

("C:/Program Files/MiKTeX/tex/latex/graphics-cfg/color.cfg"
File: color.cfg 2016/01/02 v1.6 sample color configuration
)
Package xcolor Info: Driver file: luatex.def on input line 274.

("C:/Program Files/MiKTeX/tex/latex/graphics/mathcolor.ltx")
Package xcolor Info: Model `cmy' substituted by `cmy0' on input line 1349.
Package xcolor Info: Model `hsb' substituted by `rgb' on input line 1353.
Package xcolor Info: Model `RGB' extended on input line 1365.
Package xcolor Info: Model `HTML' substituted by `rgb' on input line 1367.
Package xcolor Info: Model `Hsb' substituted by `hsb' on input line 1368.
Package xcolor Info: Model `tHsb' substituted by `hsb' on input line 1369.
Package xcolor Info: Model `HSB' substituted by `hsb' on input line 1370.
Package xcolor Info: Model `Gray' substituted by `gray' on input line 1371.
Package xcolor Info: Model `wave' substituted by `hsb' on input line 1372.
)
("C:/Program Files/MiKTeX/tex/latex/xcolor/svgnam.def"
File: svgnam.def 2024/09/29 v3.02 Predefined colors according to SVG 1.1 (UK)
)
("C:/Program Files/MiKTeX/tex/generic/pgf/basiclayer/pgfcore.code.tex"
Package: pgfcore 2023-01-15 v3.1.10 (3.1.10)

("C:/Program Files/MiKTeX/tex/generic/pgf/math/pgfint.code.tex")
("C:/Program Files/MiKTeX/tex/generic/pgf/basiclayer/pgfcorepoints.code.tex"
File: pgfcorepoints.code.tex 2023-01-15 v3.1.10 (3.1.10)
\pgf@picminx=\dimen187
\pgf@picmaxx=\dimen188
\pgf@picminy=\dimen189
\pgf@picmaxy=\dimen190
\pgf@pathminx=\dimen191
\pgf@pathmaxx=\dimen192
\pgf@pathminy=\dimen193
\pgf@pathmaxy=\dimen194
\pgf@xx=\dimen195
\pgf@xy=\dimen196
\pgf@yx=\dimen197
\pgf@yy=\dimen198
\pgf@zx=\dimen199
\pgf@zy=\dimen256
)
("C:/Program Files/MiKTeX/tex/generic/pgf/basiclayer/pgfcorepathconstruct.code.
tex"
File: pgfcorepathconstruct.code.tex 2023-01-15 v3.1.10 (3.1.10)
\pgf@path@lastx=\dimen257
\pgf@path@lasty=\dimen258
)
("C:/Program Files/MiKTeX/tex/generic/pgf/basiclayer/pgfcorepathusage.code.tex"
File: pgfcorepathusage.code.tex 2023-01-15 v3.1.10 (3.1.10)
\pgf@shorten@end@additional=\dimen259
\pgf@shorten@start@additional=\dimen260
) ("C:/Program Files/MiKTeX/tex/generic/pgf/basiclayer/pgfcorescopes.code.tex"
File: pgfcorescopes.code.tex 2023-01-15 v3.1.10 (3.1.10)
\pgfpic=\box63
\pgf@hbox=\box64
\pgf@layerbox@main=\box65
\pgf@picture@serial@count=\count302
)
("C:/Program Files/MiKTeX/tex/generic/pgf/basiclayer/pgfcoregraphicstate.code.t
ex"
File: pgfcoregraphicstate.code.tex 2023-01-15 v3.1.10 (3.1.10)
\pgflinewidth=\dimen261
)
("C:/Program Files/MiKTeX/tex/generic/pgf/basiclayer/pgfcoretransformations.cod
e.tex"
File: pgfcoretransformations.code.tex 2023-01-15 v3.1.10 (3.1.10)
\pgf@pt@x=\dimen262
\pgf@pt@y=\dimen263
\pgf@pt@temp=\dimen264
)
("C:/Program Files/MiKTeX/tex/generic/pgf/basiclayer/pgfcorequick.code.tex"
File: pgfcorequick.code.tex 2023-01-15 v3.1.10 (3.1.10)
)
("C:/Program Files/MiKTeX/tex/generic/pgf/basiclayer/pgfcoreobjects.code.tex"
File: pgfcoreobjects.code.tex 2023-01-15 v3.1.10 (3.1.10)
)
("C:/Program Files/MiKTeX/tex/generic/pgf/basiclayer/pgfcorepathprocessing.code
.tex"
File: pgfcorepathprocessing.code.tex 2023-01-15 v3.1.10 (3.1.10)
)
("C:/Program Files/MiKTeX/tex/generic/pgf/basiclayer/pgfcorearrows.code.tex"
File: pgfcorearrows.code.tex 2023-01-15 v3.1.10 (3.1.10)
\pgfarrowsep=\dimen265
)
("C:/Program Files/MiKTeX/tex/generic/pgf/basiclayer/pgfcoreshade.code.tex"
File: pgfcoreshade.code.tex 2023-01-15 v3.1.10 (3.1.10)
\pgf@max=\dimen266
\pgf@sys@shading@range@num=\count303
\pgf@shadingcount=\count304
)
("C:/Program Files/MiKTeX/tex/generic/pgf/basiclayer/pgfcoreimage.code.tex"
File: pgfcoreimage.code.tex 2023-01-15 v3.1.10 (3.1.10)
)
("C:/Program Files/MiKTeX/tex/generic/pgf/basiclayer/pgfcoreexternal.code.tex"
File: pgfcoreexternal.code.tex 2023-01-15 v3.1.10 (3.1.10)
\pgfexternal@startupbox=\box66
) ("C:/Program Files/MiKTeX/tex/generic/pgf/basiclayer/pgfcorelayers.code.tex"
File: pgfcorelayers.code.tex 2023-01-15 v3.1.10 (3.1.10)
)
("C:/Program Files/MiKTeX/tex/generic/pgf/basiclayer/pgfcoretransparency.code.t
ex"
File: pgfcoretransparency.code.tex 2023-01-15 v3.1.10 (3.1.10)
)
("C:/Program Files/MiKTeX/tex/generic/pgf/basiclayer/pgfcorepatterns.code.tex"
File: pgfcorepatterns.code.tex 2023-01-15 v3.1.10 (3.1.10)
) ("C:/Program Files/MiKTeX/tex/generic/pgf/basiclayer/pgfcorerdf.code.tex"
File: pgfcorerdf.code.tex 2023-01-15 v3.1.10 (3.1.10)
)))
("C:/Program Files/MiKTeX/tex/latex/pgf/utilities/xxcolor.sty"
Package: xxcolor 2003/10/24 ver 0.1
\XC@nummixins=\count305
\XC@countmixins=\count306
)
("C:/Program Files/MiKTeX/tex/latex/base/atbegshi-ltx.sty"
Package: atbegshi-ltx 2021/01/10 v1.0c Emulation of the original atbegshi
package with kernel methods
)
("C:/Program Files/MiKTeX/tex/latex/hyperref/hyperref.sty"
Package: hyperref 2024-11-05 v7.01l Hypertext links for LaTeX

("C:/Program Files/MiKTeX/tex/latex/kvsetkeys/kvsetkeys.sty"
Package: kvsetkeys 2022-10-05 v1.19 Key value parser (HO)
)
("C:/Program Files/MiKTeX/tex/generic/kvdefinekeys/kvdefinekeys.sty"
Package: kvdefinekeys 2019-12-19 v1.6 Define keys (HO)
)
("C:/Program Files/MiKTeX/tex/generic/pdfescape/pdfescape.sty"
Package: pdfescape 2019/12/09 v1.15 Implements pdfTeX's escape features (HO)

("C:/Program Files/MiKTeX/tex/generic/ltxcmds/ltxcmds.sty"
Package: ltxcmds 2023-12-04 v1.26 LaTeX kernel commands for general use (HO)
)
("C:/Program Files/MiKTeX/tex/generic/pdftexcmds/pdftexcmds.sty"
Package: pdftexcmds 2020-06-27 v0.33 Utility functions of pdfTeX for LuaTeX (HO
)

("C:/Program Files/MiKTeX/tex/generic/infwarerr/infwarerr.sty"
Package: infwarerr 2019/12/03 v1.5 Providing info/warning/error messages (HO)
)
Package pdftexcmds Info: \pdf@primitive is available.
Package pdftexcmds Info: \pdf@ifprimitive is available.
Package pdftexcmds Info: \pdfdraftmode found.
\pdftexcmds@toks=\toks29
))
("C:/Program Files/MiKTeX/tex/latex/hycolor/hycolor.sty"
Package: hycolor 2020-01-27 v1.10 Color options for hyperref/bookmark (HO)
)
("C:/Program Files/MiKTeX/tex/latex/hyperref/nameref.sty"
Package: nameref 2023-11-26 v2.56 Cross-referencing by name of section

("C:/Program Files/MiKTeX/tex/latex/refcount/refcount.sty"
Package: refcount 2019/12/15 v3.6 Data extraction from label references (HO)
)
("C:/Program Files/MiKTeX/tex/generic/gettitlestring/gettitlestring.sty"
Package: gettitlestring 2019/12/15 v1.6 Cleanup title references (HO)

("C:/Program Files/MiKTeX/tex/latex/kvoptions/kvoptions.sty"
Package: kvoptions 2022-06-15 v3.15 Key value format for package options (HO)
))
\c@section@level=\count307
)
("C:/Program Files/MiKTeX/tex/generic/stringenc/stringenc.sty"
Package: stringenc 2019/11/29 v1.12 Convert strings between diff. encodings (HO
)
)
\@linkdim=\dimen267
\Hy@linkcounter=\count308
\Hy@pagecounter=\count309

("C:/Program Files/MiKTeX/tex/latex/hyperref/pd1enc.def"
File: pd1enc.def 2024-11-05 v7.01l Hyperref: PDFDocEncoding definition (HO)
)
("C:/Program Files/MiKTeX/tex/generic/intcalc/intcalc.sty"
Package: intcalc 2019/12/15 v1.3 Expandable calculations with integers (HO)
)
\Hy@SavedSpaceFactor=\count310

("C:/Program Files/MiKTeX/tex/latex/hyperref/puenc.def"
File: puenc.def 2024-11-05 v7.01l Hyperref: PDF Unicode definition (HO)
)
Package hyperref Info: Option `bookmarks' set `true' on input line 4040.
Package hyperref Info: Option `bookmarksopen' set `true' on input line 4040.
Package hyperref Info: Option `implicit' set `false' on input line 4040.
Package hyperref Info: Hyper figures OFF on input line 4157.
Package hyperref Info: Link nesting OFF on input line 4162.
Package hyperref Info: Hyper index ON on input line 4165.
Package hyperref Info: Plain pages OFF on input line 4172.
Package hyperref Info: Backreferencing OFF on input line 4177.
Package hyperref Info: Implicit mode OFF; no redefinition of LaTeX internals.
Package hyperref Info: Bookmarks ON on input line 4424.
\c@Hy@tempcnt=\count311

("C:/Program Files/MiKTeX/tex/latex/url/url.sty"
\Urlmuskip=\muskip17
Package: url 2013/09/16  ver 3.4  Verb mode for urls, etc.
)
LaTeX Info: Redefining \url on input line 4763.
\XeTeXLinkMargin=\dimen268

("C:/Program Files/MiKTeX/tex/generic/bitset/bitset.sty"
Package: bitset 2019/12/09 v1.3 Handle bit-vector datatype (HO)

("C:/Program Files/MiKTeX/tex/generic/bigintcalc/bigintcalc.sty"
Package: bigintcalc 2019/12/15 v1.5 Expandable calculations on big integers (HO
)
))
\Fld@menulength=\count312
\Field@Width=\dimen269
\Fld@charsize=\dimen270
Package hyperref Info: Hyper figures OFF on input line 6042.
Package hyperref Info: Link nesting OFF on input line 6047.
Package hyperref Info: Hyper index ON on input line 6050.
Package hyperref Info: backreferencing OFF on input line 6057.
Package hyperref Info: Link coloring OFF on input line 6062.
Package hyperref Info: Link coloring with OCG OFF on input line 6067.
Package hyperref Info: PDF/A mode OFF on input line 6072.
\Hy@abspage=\count313


Package hyperref Message: Stopped early.

)
Package hyperref Info: Driver (autodetected): hluatex.
 ("C:/Program Files/MiKTeX/tex/latex/hyperref/hluatex.def"
File: hluatex.def 2024-11-05 v7.01l Hyperref driver for luaTeX

("C:/Program Files/MiKTeX/tex/latex/base/atveryend-ltx.sty"
Package: atveryend-ltx 2020/08/19 v1.0a Emulation of the original atveryend pac
kage
with kernel methods
)
\Fld@listcount=\count314
\c@bookmark@seq@number=\count315

("C:/Program Files/MiKTeX/tex/latex/rerunfilecheck/rerunfilecheck.sty"
Package: rerunfilecheck 2022-07-10 v1.10 Rerun checks for auxiliary files (HO)

("C:/Program Files/MiKTeX/tex/generic/uniquecounter/uniquecounter.sty"
Package: uniquecounter 2019/12/15 v1.4 Provide unlimited unique counter (HO)
)
Package uniquecounter Info: New unique counter `rerunfilecheck' on input line 2
85.
))
("C:/Program Files/MiKTeX/tex/latex/beamer/beamerbaserequires.sty"
("C:/Program Files/MiKTeX/tex/latex/beamer/beamerbasecompatibility.sty")
("C:/Program Files/MiKTeX/tex/latex/beamer/beamerbasefont.sty"
("C:/Program Files/MiKTeX/tex/latex/amsfonts/amssymb.sty"
Package: amssymb 2013/01/14 v3.01 AMS font symbols

("C:/Program Files/MiKTeX/tex/latex/amsfonts/amsfonts.sty"
Package: amsfonts 2013/01/14 v3.01 Basic AMSFonts support
\@emptytoks=\toks30
\symAMSa=\mathgroup4
\symAMSb=\mathgroup5
LaTeX Font Info:    Redeclaring math symbol \hbar on input line 98.
LaTeX Font Info:    Overwriting math alphabet `\mathfrak' in version `bold'
(Font)                  U/euf/m/n --> U/euf/b/n on input line 106.
))
("C:/Program Files/MiKTeX/tex/latex/sansmathaccent/sansmathaccent.sty"
Package: sansmathaccent 2020/01/31

("C:/Program Files/MiKTeX/tex/latex/koma-script/scrlfile.sty"
Package: scrlfile 2024/10/24 v3.43 KOMA-Script package (file load hooks)

("C:/Program Files/MiKTeX/tex/latex/koma-script/scrlfile-hook.sty"
Package: scrlfile-hook 2024/10/24 v3.43 KOMA-Script package (using LaTeX hooks)


("C:/Program Files/MiKTeX/tex/latex/koma-script/scrlogo.sty"
Package: scrlogo 2024/10/24 v3.43 KOMA-Script package (logo)
)))))
("C:/Program Files/MiKTeX/tex/latex/beamer/beamerbasetranslator.sty"
("C:/Program Files/MiKTeX/tex/latex/translator/translator.sty"
Package: translator 2021-05-31 v1.12d Easy translation of strings in LaTeX
))
("C:/Program Files/MiKTeX/tex/latex/beamer/beamerbasemisc.sty")
("C:/Program Files/MiKTeX/tex/latex/beamer/beamerbasetwoscreens.sty")
("C:/Program Files/MiKTeX/tex/latex/beamer/beamerbaseoverlay.sty"
\beamer@argscount=\count316
\beamer@lastskipcover=\skip52
\beamer@trivlistdepth=\count317
)
("C:/Program Files/MiKTeX/tex/latex/beamer/beamerbasetitle.sty")
("C:/Program Files/MiKTeX/tex/latex/beamer/beamerbasesection.sty"
\c@lecture=\count318
\c@part=\count319
\c@section=\count320
\c@subsection=\count321
\c@subsubsection=\count322
)
("C:/Program Files/MiKTeX/tex/latex/beamer/beamerbaseframe.sty"
\beamer@framebox=\box67
\beamer@frametitlebox=\box68
\beamer@zoombox=\box69
\beamer@zoomcount=\count323
\beamer@zoomframecount=\count324
\beamer@frametextheight=\dimen271
\c@subsectionslide=\count325
\beamer@frametopskip=\skip53
\beamer@framebottomskip=\skip54
\beamer@frametopskipautobreak=\skip55
\beamer@framebottomskipautobreak=\skip56
\beamer@envbody=\toks31
\framewidth=\dimen272
\c@framenumber=\count326
)
("C:/Program Files/MiKTeX/tex/latex/beamer/beamerbaseverbatim.sty"
\beamer@verbatimfileout=\write4
)
("C:/Program Files/MiKTeX/tex/latex/beamer/beamerbaseframesize.sty"
\beamer@splitbox=\box70
\beamer@autobreakcount=\count327
\beamer@autobreaklastheight=\dimen273
\beamer@frametitletoks=\toks32
\beamer@framesubtitletoks=\toks33
)
("C:/Program Files/MiKTeX/tex/latex/beamer/beamerbaseframecomponents.sty"
\beamer@footins=\box71
)
("C:/Program Files/MiKTeX/tex/latex/beamer/beamerbasecolor.sty")
("C:/Program Files/MiKTeX/tex/latex/beamer/beamerbasenotes.sty"
\beamer@frameboxcopy=\box72
)
("C:/Program Files/MiKTeX/tex/latex/beamer/beamerbasetoc.sty")
("C:/Program Files/MiKTeX/tex/latex/beamer/beamerbasetemplates.sty"
\beamer@sbttoks=\toks34

("C:/Program Files/MiKTeX/tex/latex/beamer/beamerbaseauxtemplates.sty"
("C:/Program Files/MiKTeX/tex/latex/beamer/beamerbaseboxes.sty"
\bmb@box=\box73
\bmb@colorbox=\box74
\bmb@boxwidth=\dimen274
\bmb@boxheight=\dimen275
\bmb@prevheight=\dimen276
\bmb@temp=\dimen277
\bmb@dima=\dimen278
\bmb@dimb=\dimen279
\bmb@prevheight=\dimen280
)
\beamer@blockheadheight=\dimen281
))
("C:/Program Files/MiKTeX/tex/latex/beamer/beamerbaselocalstructure.sty"
("C:/Program Files/MiKTeX/tex/latex/tools/enumerate.sty"
Package: enumerate 2023/07/04 v3.00 enumerate extensions (DPC)
\@enLab=\toks35
)
\beamer@bibiconwidth=\skip57
\c@figure=\count328
\c@table=\count329
\abovecaptionskip=\skip58
\belowcaptionskip=\skip59
)
("C:/Program Files/MiKTeX/tex/latex/beamer/beamerbasenavigation.sty"
("C:/Program Files/MiKTeX/tex/latex/beamer/beamerbasenavigationsymbols.tex")
\beamer@section@min@dim=\dimen282
)
("C:/Program Files/MiKTeX/tex/latex/beamer/beamerbasetheorems.sty"
("C:/Program Files/MiKTeX/tex/latex/amsmath/amsmath.sty"
Package: amsmath 2024/11/05 v2.17t AMS math features
\@mathmargin=\skip60

For additional information on amsmath, use the `?' option.
("C:/Program Files/MiKTeX/tex/latex/amsmath/amstext.sty"
Package: amstext 2021/08/26 v2.01 AMS text

("C:/Program Files/MiKTeX/tex/latex/amsmath/amsgen.sty"
File: amsgen.sty 1999/11/30 v2.0 generic functions
\@emptytoks=\toks36
\ex@=\dimen283
))
("C:/Program Files/MiKTeX/tex/latex/amsmath/amsbsy.sty"
Package: amsbsy 1999/11/29 v1.2d Bold Symbols
\pmbraise@=\dimen284
)
("C:/Program Files/MiKTeX/tex/latex/amsmath/amsopn.sty"
Package: amsopn 2022/04/08 v2.04 operator names
)
\inf@bad=\count330
LaTeX Info: Redefining \frac on input line 235.
\uproot@=\count331
\leftroot@=\count332
LaTeX Info: Redefining \overline on input line 398.
LaTeX Info: Redefining \colon on input line 409.
\classnum@=\count333
\DOTSCASE@=\count334
LaTeX Info: Redefining \ldots on input line 495.
LaTeX Info: Redefining \dots on input line 498.
LaTeX Info: Redefining \cdots on input line 619.
\Mathstrutbox@=\box75
\strutbox@=\box76
LaTeX Info: Redefining \big on input line 721.
LaTeX Info: Redefining \Big on input line 722.
LaTeX Info: Redefining \bigg on input line 723.
LaTeX Info: Redefining \Bigg on input line 724.
\big@size=\dimen285
LaTeX Font Info:    Redeclaring font encoding OML on input line 742.
LaTeX Font Info:    Redeclaring font encoding OMS on input line 743.
\macc@depth=\count335
LaTeX Info: Redefining \bmod on input line 904.
LaTeX Info: Redefining \pmod on input line 909.
LaTeX Info: Redefining \smash on input line 939.
LaTeX Info: Redefining \relbar on input line 969.
LaTeX Info: Redefining \Relbar on input line 970.
\c@MaxMatrixCols=\count336
\dotsspace@=\muskip18
\c@parentequation=\count337
\dspbrk@lvl=\count338
\tag@help=\toks37
\row@=\count339
\column@=\count340
\maxfields@=\count341
\andhelp@=\toks38
\eqnshift@=\dimen286
\alignsep@=\dimen287
\tagshift@=\dimen288
\tagwidth@=\dimen289
\totwidth@=\dimen290
\lineht@=\dimen291
\@envbody=\toks39
\multlinegap=\skip61
\multlinetaggap=\skip62
\mathdisplay@stack=\toks40
LaTeX Info: Redefining \[ on input line 2953.
LaTeX Info: Redefining \] on input line 2954.
)
("C:/Program Files/MiKTeX/tex/latex/amscls/amsthm.sty"
Package: amsthm 2020/05/29 v2.20.6
\thm@style=\toks41
\thm@bodyfont=\toks42
\thm@headfont=\toks43
\thm@notefont=\toks44
\thm@headpunct=\toks45
\thm@preskip=\skip63
\thm@postskip=\skip64
\thm@headsep=\skip65
\dth@everypar=\toks46
)
\c@theorem=\count342
)
("C:/Program Files/MiKTeX/tex/latex/beamer/beamerbasethemes.sty"))
("C:/Program Files/MiKTeX/tex/latex/beamer/beamerthemedefault.sty"
("C:/Program Files/MiKTeX/tex/latex/beamer/beamerfontthemedefault.sty")
("C:/Program Files/MiKTeX/tex/latex/beamer/beamercolorthemedefault.sty")
("C:/Program Files/MiKTeX/tex/latex/beamer/beamerinnerthemedefault.sty"
\beamer@dima=\dimen292
\beamer@dimb=\dimen293
)
("C:/Program Files/MiKTeX/tex/latex/beamer/beamerouterthemedefault.sty")))
("C:/Program Files/MiKTeX/tex/generic/babel/babel.sty"
Package: babel 2024/11/08 v24.13 The multilingual framework for pdfLaTeX, LuaLa
TeX and XeLaTeX

("C:/Program Files/MiKTeX/tex/generic/babel/luababel.def"
\bbl@readstream=\read3
\l@afrikaans=\language2
Package babel Info: Non-standard hyphenation setup on input line 118.
\l@ancientgreek=\language3
\l@armenian=\language4
\l@assamese=\language5
\l@basque=\language6
\l@belarusian=\language7
\l@bengali=\language8
\l@bokmal=\language9
\l@bulgarian=\language10
\l@catalan=\language11
\l@churchslavonic=\language12
\l@classiclatin=\language13
\l@coptic=\language14
\l@croatian=\language15
\l@czech=\language16
\l@danish=\language17
\l@dutch=\language18
\l@esperanto=\language19
\l@estonian=\language20
\l@ethiopic=\language21
\l@finnish=\language22
\l@french=\language23
\l@friulan=\language24
\l@galician=\language25
\l@georgian=\language26
\l@german=\language27
\l@greek=\language28
\l@gujarati=\language29
\l@hindi=\language30
\l@hungarian=\language31
\l@icelandic=\language32
\l@indonesian=\language33
\l@interlingua=\language34
\l@irish=\language35
\l@italian=\language36
\l@kannada=\language37
\l@kurmanji=\language38
\l@latin=\language39
\l@latvian=\language40
\l@lithuanian=\language41
\l@liturgicallatin=\language42
\l@macedonian=\language43
\l@malayalam=\language44
\l@marathi=\language45
\l@mongolian=\language46
\l@mongolianlmc=\language47
\l@monogreek=\language48
\l@ngerman=\language49
\l@nynorsk=\language50
\l@occitan=\language51
\l@oriya=\language52
\l@pali=\language53
\l@panjabi=\language54
\l@piedmontese=\language55
\l@polish=\language56
\l@portuguese=\language57
\l@romanian=\language58
\l@romansh=\language59
\l@russian=\language60
\l@sanskrit=\language61
\l@serbian=\language62
\l@serbianc=\language63
\l@slovak=\language64
\l@slovenian=\language65
\l@spanish=\language66
\l@swedish=\language67
\l@swissgerman=\language68
\l@tamil=\language69
\l@telugu=\language70
\l@thai=\language71
\l@turkish=\language72
\l@turkmen=\language73
\l@ukenglish=\language74
\l@ukrainian=\language75
\l@uppersorbian=\language76
\l@usenglishmax=\language77
\l@welsh=\language78
\babelcatcodetablenum=\catcodetable14
\bbl@pattcodes=\catcodetable15
)
\babel@savecnt=\count343
\U@D=\dimen294
\l@unhyphenated=\language79

("C:/Program Files/MiKTeX/tex/generic/babel/luababel.def"
\bbl@attr@locale=\attribute4
)
LaTeX Info: Redefining \textlatin on input line 3835.

*************************************
* Local config file bblopts.cfg used
*
("C:/Program Files/MiKTeX/tex/latex/arabi/bblopts.cfg"
File: bblopts.cfg 2005/09/08 v0.1 add Arabic and Farsi to "declared" options of
 babel
)
("C:/Program Files/MiKTeX/tex/latex/babel-portuges/brazilian.ldf"
Language: portuges 2021/07/09 v1.2t Portuguese support from the babel system
Package babel Info: Hyphen rules for 'brazilian' set to \l@portuguese
(babel)             (\language57). Reported on input line 111.
Package babel Info: Making " an active character on input line 143.

("C:/Program Files/MiKTeX/tex/generic/hyph-utf8/loadhyph/loadhyph-pt.tex"
UTF-8 Portuguese hyphenation patterns
("C:/Program Files/MiKTeX/tex/generic/hyph-utf8/patterns/tex/hyph-pt.tex"))))
("C:/Program Files/MiKTeX/tex/generic/babel/locale/pt/babel-brazilian.tex"
Package babel Info: Importing font and identification data for brazilian
(babel)             from babel-pt-BR.ini. Reported on input line 11.
)
("C:/Program Files/MiKTeX/tex/latex/base/inputenc.sty"
Package: inputenc 2024/02/08 v1.3d Input encoding file
\inpenc@prehook=\toks47
\inpenc@posthook=\toks48


Package inputenc Warning: inputenc package ignored with utf8 based engines.

) ("C:/Program Files/MiKTeX/tex/latex/base/fontenc.sty"
Package: fontenc 2021/04/29 v2.0v Standard LaTeX package
LaTeX Font Info:    Trying to load font information for T1+lmss on input line 1
16.

("C:/Program Files/MiKTeX/tex/latex/lm/t1lmss.fd"
File: t1lmss.fd 2015/05/01 v1.6.1 Font defs for Latin Modern
))
("C:/Program Files/MiKTeX/tex/latex/psnfss/helvet.sty"
Package: helvet 2020/03/25 PSNFSS-v9.3 (WaS) 
)
("C:/Program Files/MiKTeX/tex/latex/pdfpages/pdfpages.sty"
Package: pdfpages 2024/10/28 v0.6c Insert pages of external PDF documents (AM)

("C:/Program Files/MiKTeX/tex/latex/base/ifthen.sty"
Package: ifthen 2024/03/16 v1.1e Standard LaTeX ifthen package (DPC)
)
("C:/Program Files/MiKTeX/tex/latex/tools/calc.sty"
Package: calc 2023/07/08 v4.3 Infix arithmetic (KKT,FJ)
\calc@Acount=\count344
\calc@Bcount=\count345
\calc@Adimen=\dimen295
\calc@Bdimen=\dimen296
\calc@Askip=\skip66
\calc@Bskip=\skip67
LaTeX Info: Redefining \setlength on input line 80.
LaTeX Info: Redefining \addtolength on input line 81.
\calc@Ccount=\count346
\calc@Cskip=\skip68
)
("C:/Program Files/MiKTeX/tex/latex/eso-pic/eso-pic.sty"
Package: eso-pic 2023/05/03 v3.0c eso-pic (RN)
\ESO@tempdima=\dimen297
\ESO@tempdimb=\dimen298
)
\AM@pagewidth=\dimen299
\AM@pageheight=\dimen300
\AM@fboxrule=\dimen301

("C:/Program Files/MiKTeX/tex/latex/pdfpages/ppluatex.def"
File: ppluatex.def 2024/10/28 v0.6c Pdfpages driver for LuaTeX (AM)
)
\pdfpages@includegraphics@status=\count347
\AM@pagebox=\box77
\AM@global@opts=\toks49
\AM@pagecnt=\count348
\AM@toc@title=\toks50
\AM@lof@heading=\toks51
\c@AM@survey=\count349
\AM@templatesizebox=\box78
)
("C:/Program Files/MiKTeX/tex/latex/caption/caption.sty"
Package: caption 2023/08/05 v3.6o Customizing captions (AR)

("C:/Program Files/MiKTeX/tex/latex/caption/caption3.sty"
Package: caption3 2023/07/31 v2.4d caption3 kernel (AR)
\caption@tempdima=\dimen302
\captionmargin=\dimen303
\caption@leftmargin=\dimen304
\caption@rightmargin=\dimen305
\caption@width=\dimen306
\caption@indent=\dimen307
\caption@parindent=\dimen308
\caption@hangindent=\dimen309
Package caption Info: beamer document class detected.

("C:/Program Files/MiKTeX/tex/latex/caption/caption-beamer.sto"
File: caption-beamer.sto 2022/01/06 v2.0c Adaption of the caption package to th
e beamer document classes (AR)
))
\c@caption@flags=\count350
\c@continuedfloat=\count351
Package caption Info: hyperref package is loaded.
Package caption Info: Hyperref support is turned off
(caption)             because hyperref has stopped early.
)
("C:/Program Files/MiKTeX/tex/latex/pgf/frontendlayer/tikz.sty"
("C:/Program Files/MiKTeX/tex/latex/pgf/basiclayer/pgf.sty"
Package: pgf 2023-01-15 v3.1.10 (3.1.10)

("C:/Program Files/MiKTeX/tex/generic/pgf/modules/pgfmoduleshapes.code.tex"
File: pgfmoduleshapes.code.tex 2023-01-15 v3.1.10 (3.1.10)
\pgfnodeparttextbox=\box79
)
("C:/Program Files/MiKTeX/tex/generic/pgf/modules/pgfmoduleplot.code.tex"
File: pgfmoduleplot.code.tex 2023-01-15 v3.1.10 (3.1.10)
)
("C:/Program Files/MiKTeX/tex/latex/pgf/compatibility/pgfcomp-version-0-65.sty"
Package: pgfcomp-version-0-65 2023-01-15 v3.1.10 (3.1.10)
\pgf@nodesepstart=\dimen310
\pgf@nodesepend=\dimen311
) ("C:/Program Files/MiKTeX/tex/latex/pgf/compatibility/pgfcomp-version-1-18.st
y"
Package: pgfcomp-version-1-18 2023-01-15 v3.1.10 (3.1.10)
)) ("C:/Program Files/MiKTeX/tex/latex/pgf/utilities/pgffor.sty"
("C:/Program Files/MiKTeX/tex/generic/pgf/utilities/pgffor.code.tex"
Package: pgffor 2023-01-15 v3.1.10 (3.1.10)
\pgffor@iter=\dimen312
\pgffor@skip=\dimen313
\pgffor@stack=\toks52
\pgffor@toks=\toks53
))
("C:/Program Files/MiKTeX/tex/generic/pgf/frontendlayer/tikz/tikz.code.tex"
Package: tikz 2023-01-15 v3.1.10 (3.1.10)

("C:/Program Files/MiKTeX/tex/generic/pgf/libraries/pgflibraryplothandlers.code
.tex"
File: pgflibraryplothandlers.code.tex 2023-01-15 v3.1.10 (3.1.10)
\pgf@plot@mark@count=\count352
\pgfplotmarksize=\dimen314
)
\tikz@lastx=\dimen315
\tikz@lasty=\dimen316
\tikz@lastxsaved=\dimen317
\tikz@lastysaved=\dimen318
\tikz@lastmovetox=\dimen319
\tikz@lastmovetoy=\dimen320
\tikzleveldistance=\dimen321
\tikzsiblingdistance=\dimen322
\tikz@figbox=\box80
\tikz@figbox@bg=\box81
\tikz@tempbox=\box82
\tikz@tempbox@bg=\box83
\tikztreelevel=\count353
\tikznumberofchildren=\count354
\tikznumberofcurrentchild=\count355
\tikz@fig@count=\count356

("C:/Program Files/MiKTeX/tex/generic/pgf/modules/pgfmodulematrix.code.tex"
File: pgfmodulematrix.code.tex 2023-01-15 v3.1.10 (3.1.10)
\pgfmatrixcurrentrow=\count357
\pgfmatrixcurrentcolumn=\count358
\pgf@matrix@numberofcolumns=\count359
)
\tikz@expandcount=\count360

("C:/Program Files/MiKTeX/tex/generic/pgf/frontendlayer/tikz/libraries/tikzlibr
arytopaths.code.tex"
File: tikzlibrarytopaths.code.tex 2023-01-15 v3.1.10 (3.1.10)
)))
("C:/Program Files/MiKTeX/tex/latex/listings/listings.sty"
\lst@mode=\count361
\lst@gtempboxa=\box84
\lst@token=\toks54
\lst@length=\count362
\lst@currlwidth=\dimen323
\lst@column=\count363
\lst@pos=\count364
\lst@lostspace=\dimen324
\lst@width=\dimen325
\lst@newlines=\count365
\lst@lineno=\count366
\lst@maxwidth=\dimen326

("C:/Program Files/MiKTeX/tex/latex/listings/lstpatch.sty"
File: lstpatch.sty 2024/09/23 1.10c (Carsten Heinz)
)
("C:/Program Files/MiKTeX/tex/latex/listings/lstmisc.sty"
File: lstmisc.sty 2024/09/23 1.10c (Carsten Heinz)
\c@lstnumber=\count367
\lst@skipnumbers=\count368
\lst@framebox=\box85
)
("C:/Program Files/MiKTeX/tex/latex/listings/listings.cfg"
File: listings.cfg 2024/09/23 1.10c listings configuration
))
Package: listings 2024/09/23 1.10c (Carsten Heinz)

("C:/Program Files/MiKTeX/tex/latex/tcolorbox/tcolorbox.sty"
Package: tcolorbox 2024/10/22 version 6.4.1 text color boxes

("C:/Program Files/MiKTeX/tex/latex/tools/verbatim.sty"
Package: verbatim 2024-01-22 v1.5x LaTeX2e package for verbatim enhancements
\every@verbatim=\toks55
\verbatim@line=\toks56
\verbatim@in@stream=\read4
)
("C:/Program Files/MiKTeX/tex/latex/environ/environ.sty"
Package: environ 2014/05/04 v0.3 A new way to define environments

("C:/Program Files/MiKTeX/tex/latex/trimspaces/trimspaces.sty"
Package: trimspaces 2009/09/17 v1.1 Trim spaces around a token list
))
\tcb@titlebox=\box86
\tcb@upperbox=\box87
\tcb@lowerbox=\box88
\tcb@phantombox=\box89
\c@tcbbreakpart=\count369
\c@tcblayer=\count370
\c@tcolorbox@number=\count371
\l__tcobox_tmpa_box=\box90
\l__tcobox_tmpa_dim=\dimen327
\tcb@temp=\box91
\tcb@temp=\box92
\tcb@temp=\box93
\tcb@temp=\box94
)
("C:/Program Files/MiKTeX/tex/latex/tools/tabularx.sty"
Package: tabularx 2023/12/11 v2.12a `tabularx' package (DPC)

("C:/Program Files/MiKTeX/tex/latex/tools/array.sty"
Package: array 2024/10/17 v2.6g Tabular extension package (FMi)
\col@sep=\dimen328
\ar@mcellbox=\box95
\extrarowheight=\dimen329
\NC@list=\toks57
\extratabsurround=\skip69
\backup@length=\skip70
\ar@cellbox=\box96
)
\TX@col@width=\dimen330
\TX@old@table=\dimen331
\TX@old@col=\dimen332
\TX@target=\dimen333
\TX@delta=\dimen334
\TX@cols=\count372
\TX@ftn=\toks58
)
("C:/Program Files/MiKTeX/tex/latex/colortbl/colortbl.sty"
Package: colortbl 2024/07/06 v1.0i Color table columns (DPC)
\everycr=\toks59
\minrowclearance=\skip71
\rownum=\count373
)
("C:/Program Files/MiKTeX/tex/latex/tcolorbox/tcbskins.code.tex"
Library (tcolorbox): 'tcbskins.code.tex' version '6.4.1'
("C:/Program Files/MiKTeX/tex/latex/tikzfill/tikzfill.image.sty"
Package: tikzfill.image 2023/08/08 v1.0.1 Image filling library for TikZ

("C:/Program Files/MiKTeX/tex/latex/tikzfill/tikzfill-common.sty"
Package: tikzfill-common 2023/08/08 v1.0.1 Auxiliary code for tikzfill
)
("C:/Program Files/MiKTeX/tex/latex/tikzfill/tikzlibraryfill.image.code.tex"
File: tikzlibraryfill.image.code.tex 2023/08/08 v1.0.1 Image filling library
\l__tikzfill_img_box=\box97
))
("C:/Program Files/MiKTeX/tex/latex/tcolorbox/tcbskinsjigsaw.code.tex"
Library (tcolorbox): 'tcbskinsjigsaw.code.tex' version '6.4.1'
)) ("C:/Program Files/MiKTeX/tex/latex/ragged2e/ragged2e.sty"
Package: ragged2e 2023/06/22 v3.6 ragged2e Package
\CenteringLeftskip=\skip72
\RaggedLeftLeftskip=\skip73
\RaggedRightLeftskip=\skip74
\CenteringRightskip=\skip75
\RaggedLeftRightskip=\skip76
\RaggedRightRightskip=\skip77
\CenteringParfillskip=\skip78
\RaggedLeftParfillskip=\skip79
\RaggedRightParfillskip=\skip80
\JustifyingParfillskip=\skip81
\CenteringParindent=\skip82
\RaggedLeftParindent=\skip83
\RaggedRightParindent=\skip84
\JustifyingParindent=\skip85
)
("C:/Program Files/MiKTeX/tex/latex/psnfss/courier.sty"
Package: courier 2020/03/25 PSNFSS-v9.3 (WaS) 
)
("C:/Program Files/MiKTeX/tex/latex/psnfss/pifont.sty"
Package: pifont 2020/03/25 PSNFSS-v9.3 Pi font support (SPQR) 
LaTeX Font Info:    Trying to load font information for U+pzd on input line 63.


("C:/Program Files/MiKTeX/tex/latex/psnfss/upzd.fd"
File: upzd.fd 2001/06/04 font definitions for U/pzd.
)
LaTeX Font Info:    Trying to load font information for U+psy on input line 64.


("C:/Program Files/MiKTeX/tex/latex/psnfss/upsy.fd"
File: upsy.fd 2001/06/04 font definitions for U/psy.
))
("C:/Program Files/MiKTeX/tex/latex/multirow/multirow.sty"
Package: multirow 2024/11/12 v2.9 Span multiple rows of a table
\multirow@colwidth=\skip86
\multirow@cntb=\count374
\multirow@dima=\skip87
\bigstrutjot=\dimen335
)
("C:/Program Files/MiKTeX/tex/latex/minted/minted.sty"
Package: minted 2024/11/10 v3.3.0 Yet another Pygments shim for LaTeX

("C:/Program Files/MiKTeX/tex/generic/catchfile/catchfile.sty"
Package: catchfile 2019/12/09 v1.8 Catch the contents of a file (HO)

("C:/Program Files/MiKTeX/tex/generic/etexcmds/etexcmds.sty"
Package: etexcmds 2019/12/15 v1.7 Avoid name clashes with e-TeX commands (HO)
))
("C:/Program Files/MiKTeX/tex/latex/fvextra/fvextra.sty"
Package: fvextra 2024/10/16 v1.9.0 fvextra - extensions and patches for fancyvr
b

("C:/Program Files/MiKTeX/tex/latex/fancyvrb/fancyvrb.sty"
Package: fancyvrb 2024/01/20 4.5c verbatim text (tvz,hv)
\FV@CodeLineNo=\count375
\FV@InFile=\read5
\FV@TabBox=\box98
\c@FancyVerbLine=\count376
\FV@StepNumber=\count377
\FV@OutFile=\write5
)
("C:/Program Files/MiKTeX/tex/latex/upquote/upquote.sty"
Package: upquote 2012/04/19 v1.3 upright-quote and grave-accent glyphs in verba
tim

("C:/Program Files/MiKTeX/tex/latex/base/textcomp.sty"
Package: textcomp 2024/04/24 v2.1b Standard LaTeX package
))
("C:/Program Files/MiKTeX/tex/latex/lineno/lineno.sty"
Package: lineno 2023/05/20 line numbers on paragraphs v5.3
\linenopenalty=\count378
\output=\toks60
\linenoprevgraf=\count379
\linenumbersep=\dimen336
\linenumberwidth=\dimen337
\c@linenumber=\count380
\c@pagewiselinenumber=\count381
\c@LN@truepage=\count382
\c@internallinenumber=\count383
\c@internallinenumbers=\count384
\quotelinenumbersep=\dimen338
\bframerule=\dimen339
\bframesep=\dimen340
\bframebox=\box99
\linenoamsmath@ams@eqpen=\count385
LaTeX Info: Redefining \\ on input line 3180.
)
\c@FancyVerbWriteLine=\count386
\c@FancyVerbBufferIndex=\count387
\c@FancyVerbBufferLine=\count388
\c@FV@TrueTabGroupLevel=\count389
\c@FV@TrueTabCounter=\count390
\FV@TabBox@Group=\box100
\FV@TmpLength=\skip88
\c@FV@HighlightLinesStart=\count391
\c@FV@HighlightLinesStop=\count392
\FV@LoopCount=\count393
\FV@NCharsBox=\box101
\FV@BreakIndent=\dimen341
\FV@BreakIndentNChars=\count394
\FV@BreakSymbolSepLeft=\dimen342
\FV@BreakSymbolSepLeftNChars=\count395
\FV@BreakSymbolSepRight=\dimen343
\FV@BreakSymbolSepRightNChars=\count396
\FV@BreakSymbolIndentLeft=\dimen344
\FV@BreakSymbolIndentLeftNChars=\count397
\FV@BreakSymbolIndentRight=\dimen345
\FV@BreakSymbolIndentRightNChars=\count398
\c@FancyVerbLineBreakLast=\count399
\FV@LineBox=\box102
\FV@LineIndentBox=\box103
\c@FV@BreakBufferDepth=\count400
\FV@LineWidth=\dimen346
)
("C:/Program Files/MiKTeX/tex/latex/latex2pydata/latex2pydata.sty"
Package: latex2pydata 2024/10/16 v0.3.0 latex2pydata - write data to file in Py
thon literal format
\c@pydata@bufferindex=\count401
)
("C:/Program Files/MiKTeX/tex/latex/pgfopts/pgfopts.sty"
Package: pgfopts 2014/07/10 v2.1a LaTeX package options with pgfkeys
\pgfopts@list@add@a@toks=\toks61
\pgfopts@list@add@b@toks=\toks62
)
("C:/Program Files/MiKTeX/tex/latex/tools/shellesc.sty"
Package: shellesc 2023/07/08 v1.0d unified shell escape interface for LaTeX
Package shellesc Info: Restricted shell escape enabled on input line 77.
)
("C:/Program Files/MiKTeX/tex/latex/float/float.sty"
Package: float 2001/11/08 v1.3d Float enhancements (AL)
\c@float@type=\count402
\float@exts=\toks63
\float@box=\box104
\@float@everytoks=\toks64
\@floatcapt=\box105
)
\c@minted@tmpcnt=\count403
\c@minted@FancyVerbLineTemp=\count404
\@float@every@listing=\toks65
\c@listing=\count405
)
("C:/Program Files/MiKTeX/tex/latex/beamer/beamercolorthemestructure.sty")
("C:/Program Files/MiKTeX/tex/latex/beamer/beamerinnerthemerectangles.sty")
("C:/Program Files/MiKTeX/tex/latex/beamer/beamerouterthememiniframes.sty"))
LaTeX Font Info:    Trying to load font information for T1+phv on input line 23
.

("C:/Program Files/MiKTeX/tex/latex/psnfss/t1phv.fd"
File: t1phv.fd 2020/03/25 scalable font definitions for T1/phv.
)
("C:/Program Files/MiKTeX/tex/latex/l3backend/l3backend-luatex.def"
File: l3backend-luatex.def 2024-05-08 L3 backend support: PDF output (LuaTeX)
\l__color_backend_stack_int=\count406
Inserting `l3color' in `luaotfload.parse_color'.
\l__pdf_internal_box=\box106
)
(./main.aux)
\openout1 = main.aux

LaTeX Font Info:    Checking defaults for OML/cmm/m/it on input line 23.
LaTeX Font Info:    ... okay on input line 23.
LaTeX Font Info:    Checking defaults for OMS/cmsy/m/n on input line 23.
LaTeX Font Info:    ... okay on input line 23.
LaTeX Font Info:    Checking defaults for OT1/cmr/m/n on input line 23.
LaTeX Font Info:    ... okay on input line 23.
LaTeX Font Info:    Checking defaults for T1/cmr/m/n on input line 23.
LaTeX Font Info:    ... okay on input line 23.
LaTeX Font Info:    Checking defaults for TS1/cmr/m/n on input line 23.
LaTeX Font Info:    ... okay on input line 23.
LaTeX Font Info:    Checking defaults for TU/lmr/m/n on input line 23.
LaTeX Font Info:    ... okay on input line 23.
LaTeX Font Info:    Checking defaults for OMX/cmex/m/n on input line 23.
LaTeX Font Info:    ... okay on input line 23.
LaTeX Font Info:    Checking defaults for U/cmr/m/n on input line 23.
LaTeX Font Info:    ... okay on input line 23.
LaTeX Font Info:    Checking defaults for PD1/pdf/m/n on input line 23.
LaTeX Font Info:    ... okay on input line 23.
LaTeX Font Info:    Checking defaults for PU/pdf/m/n on input line 23.
LaTeX Font Info:    ... okay on input line 23.

*geometry* driver: auto-detecting
*geometry* detected driver: luatex
*geometry* verbose mode - [ preamble ] result:
* driver: luatex
* paper: custom
* layout: <same size as paper>
* layoutoffset:(h,v)=(0.0pt,0.0pt)
* modes: includehead includefoot 
* h-part:(L,W,R)=(28.45274pt, 307.28987pt, 28.45274pt)
* v-part:(T,H,B)=(0.0pt, 273.14662pt, 0.0pt)
* \paperwidth=364.19536pt
* \paperheight=273.14662pt
* \textwidth=307.28987pt
* \textheight=244.6939pt
* \oddsidemargin=-43.81725pt
* \evensidemargin=-43.81725pt
* \topmargin=-72.26999pt
* \headheight=14.22636pt
* \headsep=0.0pt
* \topskip=9.0pt
* \footskip=14.22636pt
* \marginparwidth=4.0pt
* \marginparsep=10.0pt
* \columnsep=10.0pt
* \skip\footins=7.0pt plus 4.0pt minus 2.0pt
* \hoffset=0.0pt
* \voffset=0.0pt
* \mag=1000
* \@twocolumnfalse
* \@twosidefalse
* \@mparswitchfalse
* \@reversemarginfalse
* (1in=72.27pt=25.4mm, 1cm=28.453pt)

("C:/Program Files/MiKTeX/tex/context/base/mkii/supp-pdf.mkii"
[Loading MPS to PDF converter (version 2006.09.02).]
\scratchcounter=\count407
\scratchdimen=\dimen347
\scratchbox=\box107
\nofMPsegments=\count408
\nofMParguments=\count409
\everyMPshowfont=\toks66
\MPscratchCnt=\count410
\MPscratchDim=\dimen348
\MPnumerator=\count411
\makeMPintoPDFobject=\count412
\everyMPtoPDFconversion=\toks67
) ("C:/Program Files/MiKTeX/tex/latex/epstopdf-pkg/epstopdf-base.sty"
Package: epstopdf-base 2020-01-24 v2.11 Base part for package epstopdf
Package epstopdf-base Info: Redefining graphics rule for `.eps' on input line 4
85.

("C:/Program Files/MiKTeX/tex/latex/00miktex/epstopdf-sys.cfg"
File: epstopdf-sys.cfg 2021/03/18 v2.0 Configuration of epstopdf for MiKTeX
))
Package hyperref Info: Link coloring OFF on input line 23.
 (./main.out)
(./main.out)
\@outlinefile=\write6

\openout6 = main.out
LaTeX Font Info:    Overwriting symbol font `operators' in version `normal'
(Font)                  OT1/cmr/m/n --> OT1/cmss/m/n on input line 23.
LaTeX Font Info:    Overwriting symbol font `operators' in version `bold'
(Font)                  OT1/cmr/bx/n --> OT1/cmss/b/n on input line 23.
\symnumbers=\mathgroup6
\sympureletters=\mathgroup7
LaTeX Font Info:    Overwriting math alphabet `\mathrm' in version `normal'
(Font)                  OT1/cmss/m/n --> T1/lmr/m/n on input line 23.
LaTeX Font Info:    Redeclaring math alphabet \mathbf on input line 23.
LaTeX Font Info:    Overwriting math alphabet `\mathbf' in version `normal'
(Font)                  OT1/cmr/bx/n --> T1/phv/b/n on input line 23.
LaTeX Font Info:    Overwriting math alphabet `\mathbf' in version `bold'
(Font)                  OT1/cmr/bx/n --> T1/phv/b/n on input line 23.
LaTeX Font Info:    Redeclaring math alphabet \mathsf on input line 23.
LaTeX Font Info:    Overwriting math alphabet `\mathsf' in version `normal'
(Font)                  OT1/cmss/m/n --> T1/phv/m/n on input line 23.
LaTeX Font Info:    Overwriting math alphabet `\mathsf' in version `bold'
(Font)                  OT1/cmss/bx/n --> T1/phv/m/n on input line 23.
LaTeX Font Info:    Redeclaring math alphabet \mathit on input line 23.
LaTeX Font Info:    Overwriting math alphabet `\mathit' in version `normal'
(Font)                  OT1/cmr/m/it --> T1/phv/m/it on input line 23.
LaTeX Font Info:    Overwriting math alphabet `\mathit' in version `bold'
(Font)                  OT1/cmr/bx/it --> T1/phv/m/it on input line 23.
LaTeX Font Info:    Redeclaring math alphabet \mathtt on input line 23.
LaTeX Font Info:    Overwriting math alphabet `\mathtt' in version `normal'
(Font)                  OT1/cmtt/m/n --> T1/pcr/m/n on input line 23.
LaTeX Font Info:    Overwriting math alphabet `\mathtt' in version `bold'
(Font)                  OT1/cmtt/m/n --> T1/pcr/m/n on input line 23.
LaTeX Font Info:    Overwriting symbol font `numbers' in version `bold'
(Font)                  T1/phv/m/n --> T1/phv/b/n on input line 23.
LaTeX Font Info:    Overwriting symbol font `pureletters' in version `bold'
(Font)                  T1/phv/m/it --> T1/phv/b/it on input line 23.
LaTeX Font Info:    Overwriting math alphabet `\mathrm' in version `bold'
(Font)                  OT1/cmss/b/n --> T1/lmr/b/n on input line 23.
LaTeX Font Info:    Overwriting math alphabet `\mathbf' in version `bold'
(Font)                  T1/phv/b/n --> T1/phv/b/n on input line 23.
LaTeX Font Info:    Overwriting math alphabet `\mathsf' in version `bold'
(Font)                  T1/phv/m/n --> T1/phv/b/n on input line 23.
LaTeX Font Info:    Overwriting math alphabet `\mathit' in version `bold'
(Font)                  T1/phv/m/it --> T1/phv/b/it on input line 23.
LaTeX Font Info:    Overwriting math alphabet `\mathtt' in version `bold'
(Font)                  T1/pcr/m/n --> T1/pcr/b/n on input line 23.

("C:/Program Files/MiKTeX/tex/latex/translator/translator-basic-dictionary-Engl
ish.dict"
Dictionary: translator-basic-dictionary, Language: English 
)
("C:/Program Files/MiKTeX/tex/latex/translator/translator-bibliography-dictiona
ry-English.dict"
Dictionary: translator-bibliography-dictionary, Language: English 
)
("C:/Program Files/MiKTeX/tex/latex/translator/translator-environment-dictionar
y-English.dict"
Dictionary: translator-environment-dictionary, Language: English 
)
("C:/Program Files/MiKTeX/tex/latex/translator/translator-months-dictionary-Eng
lish.dict"
Dictionary: translator-months-dictionary, Language: English 
)
("C:/Program Files/MiKTeX/tex/latex/translator/translator-numbers-dictionary-En
glish.dict"
Dictionary: translator-numbers-dictionary, Language: English 
)
("C:/Program Files/MiKTeX/tex/latex/translator/translator-theorem-dictionary-En
glish.dict"
Dictionary: translator-theorem-dictionary, Language: English 
) ("C:/Program Files/MiKTeX/tex/latex/pdflscape/pdflscape.sty"
Package: pdflscape 2022-10-27 v0.13 Display of landscape pages in PDF

("C:/Program Files/MiKTeX/tex/latex/pdflscape/pdflscape-nometadata.sty"
Package: pdflscape-nometadata 2022-10-28 v0.13 Display of landscape pages in PD
F (HO)

("C:/Program Files/MiKTeX/tex/latex/graphics/lscape.sty"
Package: lscape 2020/05/28 v3.02 Landscape Pages (DPC)
)
Package pdflscape Info: Auto-detected driver: pdftex on input line 81.
))
Package caption Info: Begin \AtBeginDocument code.
Package caption Info: float package is loaded.
Package caption Info: listings package is loaded.
Package caption Info: End \AtBeginDocument code.
\c@lstlisting=\count413
 (./main.nav)
Overfull \hbox (58.4263pt too wide) in paragraph at lines 23--23
 [][][][]  
 []


Overfull \hbox (1.38991pt too wide) in paragraph at lines 23--23
[][] 
 []


Overfull \hbox (58.4263pt too wide) in paragraph at lines 27--27
 [][][][]  
 []


Overfull \hbox (1.38991pt too wide) in paragraph at lines 27--27
[][] 
 []

LaTeX Font Info:    Font shape `T1/phv/m/it' in size <7> not available
(Font)              Font shape `T1/phv/m/sl' tried instead on input line 27.


<ufpr.png, id=136, 295.1025pt x 201.75375pt>
File: ufpr.png Graphic file (type png)
<use ufpr.png>
Package luatex.def Info: ufpr.png  used on input line 27.
(luatex.def)             Requested size: 29.51196pt x 20.17654pt.

Overfull \hbox (58.4263pt too wide) has occurred while \output is active
 [][][][]  
 []


Overfull \hbox (1.38991pt too wide) has occurred while \output is active
[][] 
 []

[1{C:/Users/Je/AppData/Local/MiKTeX/fonts/map/pdftex/pdftex.map}

<./ufpr.png>]
Overfull \hbox (58.4263pt too wide) in paragraph at lines 31--31
 [][][][]  
 []


Overfull \hbox (1.38991pt too wide) in paragraph at lines 31--31
[][] 
 []

(./main.toc)

File: ufpr.png Graphic file (type png)
<use ufpr.png>
Package luatex.def Info: ufpr.png  used on input line 31.
(luatex.def)             Requested size: 29.51196pt x 20.17654pt.

Overfull \hbox (58.4263pt too wide) has occurred while \output is active
 [][][][]  
 []


Overfull \hbox (1.38991pt too wide) has occurred while \output is active
[][] 
 []

[2

]
Overfull \hbox (58.4263pt too wide) in paragraph at lines 40--40
 [][][][]  
 []


Overfull \hbox (1.38991pt too wide) in paragraph at lines 40--40
[][] 
 []



File: ufpr.png Graphic file (type png)
<use ufpr.png>
Package luatex.def Info: ufpr.png  used on input line 40.
(luatex.def)             Requested size: 29.51196pt x 20.17654pt.

Overfull \hbox (58.4263pt too wide) has occurred while \output is active
 [][][][]  
 []


Overfull \hbox (1.38991pt too wide) has occurred while \output is active
[][] 
 []

[3

]
Overfull \hbox (58.4263pt too wide) in paragraph at lines 50--50
 [][][][]  
 []


Overfull \hbox (1.38991pt too wide) in paragraph at lines 50--50
[][] 
 []



File: ufpr.png Graphic file (type png)
<use ufpr.png>
Package luatex.def Info: ufpr.png  used on input line 50.
(luatex.def)             Requested size: 29.51196pt x 20.17654pt.

Overfull \hbox (58.4263pt too wide) has occurred while \output is active
 [][][][]  
 []


Overfull \hbox (1.38991pt too wide) has occurred while \output is active
[][] 
 []

[4

]
Overfull \hbox (58.4263pt too wide) in paragraph at lines 58--58
 [][][][]  
 []


Overfull \hbox (1.38991pt too wide) in paragraph at lines 58--58
[][] 
 []



File: ufpr.png Graphic file (type png)
<use ufpr.png>
Package luatex.def Info: ufpr.png  used on input line 58.
(luatex.def)             Requested size: 29.51196pt x 20.17654pt.

Overfull \hbox (58.4263pt too wide) has occurred while \output is active
 [][][][]  
 []


Overfull \hbox (1.38991pt too wide) has occurred while \output is active
[][] 
 []

[5

]
Overfull \hbox (58.4263pt too wide) in paragraph at lines 69--69
 [][][][]  
 []


Overfull \hbox (1.38991pt too wide) in paragraph at lines 69--69
[][] 
 []

<figuras/sistematrasmissorpng.png, id=471, 529.98pt x 102.98476pt>
File: figuras/sistematrasmissorpng.png Graphic file (type png)
<use figuras/sistematrasmissorpng.png>
Package luatex.def Info: figuras/sistematrasmissorpng.png  used on input line 6
9.
(luatex.def)             Requested size: 264.98933pt x 51.49223pt.


File: ufpr.png Graphic file (type png)
<use ufpr.png>
Package luatex.def Info: ufpr.png  used on input line 69.
(luatex.def)             Requested size: 29.51196pt x 20.17654pt.

Overfull \hbox (58.4263pt too wide) has occurred while \output is active
 [][][][]  
 []


Overfull \hbox (1.38991pt too wide) has occurred while \output is active
[][] 
 []

[6

<./figuras/sistematrasmissorpng.png>]
Overfull \hbox (58.4263pt too wide) in paragraph at lines 93--93
 [][][][]  
 []


Overfull \hbox (1.38991pt too wide) in paragraph at lines 93--93
[][] 
 []

LaTeX Font Info:    Trying to load font information for U+msa on input line 93.

("C:/Program Files/MiKTeX/tex/latex/amsfonts/umsa.fd"
File: umsa.fd 2013/01/14 v3.01 AMS symbols A
)
LaTeX Font Info:    Trying to load font information for U+msb on input line 93.


("C:/Program Files/MiKTeX/tex/latex/amsfonts/umsb.fd"
File: umsb.fd 2013/01/14 v3.01 AMS symbols B
)
LaTeX Font Info:    Font shape `T1/phv/m/it' in size <8> not available
(Font)              Font shape `T1/phv/m/sl' tried instead on input line 93.
LaTeX Font Info:    Font shape `T1/phv/m/it' in size <6> not available
(Font)              Font shape `T1/phv/m/sl' tried instead on input line 93.
LaTeX Font Info:    Font shape `T1/phv/m/it' in size <5> not available
(Font)              Font shape `T1/phv/m/sl' tried instead on input line 93.
<figuras/normareg.png, id=530, 616.55344pt x 435.12563pt>
File: figuras/normareg.png Graphic file (type png)
<use figuras/normareg.png>
Package luatex.def Info: figuras/normareg.png  used on input line 93.
(luatex.def)             Requested size: 154.13797pt x 108.78113pt.

Overfull \hbox (3.56425pt too wide) in paragraph at lines 93--93
[][] 
 []



File: ufpr.png Graphic file (type png)
<use ufpr.png>
Package luatex.def Info: ufpr.png  used on input line 93.
(luatex.def)             Requested size: 29.51196pt x 20.17654pt.

Overfull \hbox (58.4263pt too wide) has occurred while \output is active
 [][][][]  
 []


Overfull \hbox (1.38991pt too wide) has occurred while \output is active
[][] 
 []

[7

<./figuras/normareg.png>]
Overfull \hbox (58.4263pt too wide) in paragraph at lines 117--117
 [][][][]  
 []


Overfull \hbox (1.38991pt too wide) in paragraph at lines 117--117
[][] 
 []

<figuras/curvasaidaparf.png, id=589, 344.78813pt x 249.18094pt>
File: figuras/curvasaidaparf.png Graphic file (type png)
<use figuras/curvasaidaparf.png>
Package luatex.def Info: figuras/curvasaidaparf.png  used on input line 117.
(luatex.def)             Requested size: 172.39363pt x 124.59015pt.

Overfull \hbox (21.81992pt too wide) in paragraph at lines 117--117
[][] 
 []



File: ufpr.png Graphic file (type png)
<use ufpr.png>
Package luatex.def Info: ufpr.png  used on input line 117.
(luatex.def)             Requested size: 29.51196pt x 20.17654pt.

Overfull \hbox (58.4263pt too wide) has occurred while \output is active
 [][][][]  
 []


Overfull \hbox (1.38991pt too wide) has occurred while \output is active
[][] 
 []

[8

<./figuras/curvasaidaparf.png>]
Overfull \hbox (58.4263pt too wide) in paragraph at lines 139--139
 [][][][]  
 []


Overfull \hbox (1.38991pt too wide) in paragraph at lines 139--139
[][] 
 []

<figuras/DPDCascata.png, id=648, 354.72525pt x 145.7445pt>
File: figuras/DPDCascata.png Graphic file (type png)
<use figuras/DPDCascata.png>
Package luatex.def Info: figuras/DPDCascata.png  used on input line 139.
(luatex.def)             Requested size: 177.36218pt x 72.87207pt.

Overfull \hbox (23.71725pt too wide) in paragraph at lines 139--139
[][] 
 []


Overfull \hbox (13.9855pt too wide) in paragraph at lines 139--139
[]$[]$  $[]$ 
 []



File: ufpr.png Graphic file (type png)
<use ufpr.png>
Package luatex.def Info: ufpr.png  used on input line 139.
(luatex.def)             Requested size: 29.51196pt x 20.17654pt.

Overfull \hbox (58.4263pt too wide) has occurred while \output is active
 [][][][]  
 []


Overfull \hbox (1.38991pt too wide) has occurred while \output is active
[][] 
 []

[9

<./figuras/DPDCascata.png>]
Overfull \hbox (58.4263pt too wide) in paragraph at lines 153--153
 [][][][]  
 []


Overfull \hbox (1.38991pt too wide) in paragraph at lines 153--153
[][] 
 []



File: ufpr.png Graphic file (type png)
<use ufpr.png>
Package luatex.def Info: ufpr.png  used on input line 153.
(luatex.def)             Requested size: 29.51196pt x 20.17654pt.

Overfull \hbox (58.4263pt too wide) has occurred while \output is active
 [][][][]  
 []


Overfull \hbox (1.38991pt too wide) has occurred while \output is active
[][] 
 []

[10

]
Overfull \hbox (58.4263pt too wide) in paragraph at lines 200--200
 [][][][]  
 []


Overfull \hbox (1.38991pt too wide) in paragraph at lines 200--200
[][] 
 []


Overfull \hbox (32.42683pt too wide) in paragraph at lines 200--200
[]$[]$  $[]$ 
 []



File: ufpr.png Graphic file (type png)
<use ufpr.png>
Package luatex.def Info: ufpr.png  used on input line 200.
(luatex.def)             Requested size: 29.51196pt x 20.17654pt.

Overfull \hbox (58.4263pt too wide) has occurred while \output is active
 [][][][]  
 []


Overfull \hbox (1.38991pt too wide) has occurred while \output is active
[][] 
 []

[11

]
Overfull \hbox (58.4263pt too wide) in paragraph at lines 219--219
 [][][][]  
 []


Overfull \hbox (1.38991pt too wide) in paragraph at lines 219--219
[][] 
 []

File: figuras/DPDCascata.png Graphic file (type png)
<use figuras/DPDCascata.png>
Package luatex.def Info: figuras/DPDCascata.png  used on input line 219.
(luatex.def)             Requested size: 177.36218pt x 72.87207pt.

Overfull \hbox (23.71725pt too wide) in paragraph at lines 219--219
[][] 
 []


Overfull \hbox (13.9855pt too wide) in paragraph at lines 219--219
[]$[]$  $[]$ 
 []



File: ufpr.png Graphic file (type png)
<use ufpr.png>
Package luatex.def Info: ufpr.png  used on input line 219.
(luatex.def)             Requested size: 29.51196pt x 20.17654pt.

Overfull \hbox (58.4263pt too wide) has occurred while \output is active
 [][][][]  
 []


Overfull \hbox (1.38991pt too wide) has occurred while \output is active
[][] 
 []

[12

]
Overfull \hbox (58.4263pt too wide) in paragraph at lines 245--245
 [][][][]  
 []


Overfull \hbox (1.38991pt too wide) in paragraph at lines 245--245
[][] 
 []

<figuras/diagrama.png, id=886, 1233.408pt x 1233.408pt>
File: figuras/diagrama.png Graphic file (type png)
<use figuras/diagrama.png>
Package luatex.def Info: figuras/diagrama.png  used on input line 245.
(luatex.def)             Requested size: 123.34802pt x 123.34802pt.

Overfull \hbox (15.6815pt too wide) in paragraph at lines 245--245
[]$[]$  $[]$ $[]$ 
 []



File: ufpr.png Graphic file (type png)
<use ufpr.png>
Package luatex.def Info: ufpr.png  used on input line 245.
(luatex.def)             Requested size: 29.51196pt x 20.17654pt.

Overfull \hbox (58.4263pt too wide) has occurred while \output is active
 [][][][]  
 []


Overfull \hbox (1.38991pt too wide) has occurred while \output is active
[][] 
 []

[13

<./figuras/diagrama.png>]
Overfull \hbox (58.4263pt too wide) in paragraph at lines 268--268
 [][][][]  
 []


Overfull \hbox (1.38991pt too wide) in paragraph at lines 268--268
[][] 
 []

<figuras/analisador.jpeg, id=944, 252.945pt x 252.945pt>
File: figuras/analisador.jpeg Graphic file (type jpg)
<use figuras/analisador.jpeg>
Package luatex.def Info: figuras/analisador.jpeg  used on input line 268.
(luatex.def)             Requested size: 101.17621pt x 101.17621pt.

Overfull \hbox (15.6815pt too wide) in paragraph at lines 268--268
[]$[]$  $[]$ $[]$ 
 []



File: ufpr.png Graphic file (type png)
<use ufpr.png>
Package luatex.def Info: ufpr.png  used on input line 268.
(luatex.def)             Requested size: 29.51196pt x 20.17654pt.

Overfull \hbox (58.4263pt too wide) has occurred while \output is active
 [][][][]  
 []


Overfull \hbox (1.38991pt too wide) has occurred while \output is active
[][] 
 []

[14

<./figuras/analisador.jpeg>]
Overfull \hbox (58.4263pt too wide) in paragraph at lines 270--270
 [][][][]  
 []


Overfull \hbox (1.38991pt too wide) in paragraph at lines 270--270
[][] 
 []



File: ufpr.png Graphic file (type png)
<use ufpr.png>
Package luatex.def Info: ufpr.png  used on input line 270.
(luatex.def)             Requested size: 29.51196pt x 20.17654pt.

Overfull \hbox (58.4263pt too wide) has occurred while \output is active
 [][][][]  
 []


Overfull \hbox (1.38991pt too wide) has occurred while \output is active
[][] 
 []

[15

]
Overfull \hbox (58.4263pt too wide) in paragraph at lines 289--289
 [][][][]  
 []


Overfull \hbox (1.38991pt too wide) in paragraph at lines 289--289
[][] 
 []

<figuras/modeloPA.png, id=1067, 413.3844pt x 328.8285pt>
File: figuras/modeloPA.png Graphic file (type png)
<use figuras/modeloPA.png>
Package luatex.def Info: figuras/modeloPA.png  used on input line 289.
(luatex.def)             Requested size: 165.35081pt x 131.52907pt.

Overfull \hbox (11.70589pt too wide) in paragraph at lines 289--289
[][] 
 []


Overfull \hbox (13.9855pt too wide) in paragraph at lines 289--289
[]$[]$  $[]$ 
 []



File: ufpr.png Graphic file (type png)
<use ufpr.png>
Package luatex.def Info: ufpr.png  used on input line 289.
(luatex.def)             Requested size: 29.51196pt x 20.17654pt.

Overfull \hbox (58.4263pt too wide) has occurred while \output is active
 [][][][]  
 []


Overfull \hbox (1.38991pt too wide) has occurred while \output is active
[][] 
 []

[16

<./figuras/modeloPA.png>]
Overfull \hbox (58.4263pt too wide) in paragraph at lines 307--307
 [][][][]  
 []


Overfull \hbox (1.38991pt too wide) in paragraph at lines 307--307
[][] 
 []

<figuras/bits.png, id=1127, 632.3625pt x 395.3169pt>
File: figuras/bits.png Graphic file (type png)
<use figuras/bits.png>
Package luatex.def Info: figuras/bits.png  used on input line 307.
(luatex.def)             Requested size: 158.09024pt x 98.82898pt.

Overfull \hbox (4.44531pt too wide) in paragraph at lines 307--307
[][] 
 []


Overfull \hbox (13.9855pt too wide) in paragraph at lines 307--307
[]$[]$  $[]$ 
 []



File: ufpr.png Graphic file (type png)
<use ufpr.png>
Package luatex.def Info: ufpr.png  used on input line 307.
(luatex.def)             Requested size: 29.51196pt x 20.17654pt.

Overfull \hbox (58.4263pt too wide) has occurred while \output is active
 [][][][]  
 []


Overfull \hbox (1.38991pt too wide) has occurred while \output is active
[][] 
 []

[17

<./figuras/bits.png>]
Overfull \hbox (58.4263pt too wide) in paragraph at lines 322--322
 [][][][]  
 []


Overfull \hbox (1.38991pt too wide) in paragraph at lines 322--322
[][] 
 []

<figuras/modelodpd.png, id=1186, 414.8298pt x 327.3831pt>
File: figuras/modelodpd.png Graphic file (type png)
<use figuras/modelodpd.png>
Package luatex.def Info: figuras/modelodpd.png  used on input line 322.
(luatex.def)             Requested size: 165.92897pt x 130.95091pt.

Overfull \hbox (12.28404pt too wide) in paragraph at lines 322--322
[][] 
 []


Overfull \hbox (13.9855pt too wide) in paragraph at lines 322--322
[]$[]$  $[]$ 
 []



File: ufpr.png Graphic file (type png)
<use ufpr.png>
Package luatex.def Info: ufpr.png  used on input line 322.
(luatex.def)             Requested size: 29.51196pt x 20.17654pt.

Overfull \hbox (58.4263pt too wide) has occurred while \output is active
 [][][][]  
 []


Overfull \hbox (1.38991pt too wide) has occurred while \output is active
[][] 
 []

[18

<./figuras/modelodpd.png>]
Overfull \hbox (58.4263pt too wide) in paragraph at lines 323--323
 [][][][]  
 []


Overfull \hbox (1.38991pt too wide) in paragraph at lines 323--323
[][] 
 []



File: ufpr.png Graphic file (type png)
<use ufpr.png>
Package luatex.def Info: ufpr.png  used on input line 323.
(luatex.def)             Requested size: 29.51196pt x 20.17654pt.

Overfull \hbox (58.4263pt too wide) has occurred while \output is active
 [][][][]  
 []


Overfull \hbox (1.38991pt too wide) has occurred while \output is active
[][] 
 []

[19

]
Overfull \hbox (58.4263pt too wide) in paragraph at lines 329--329
 [][][][]  
 []


Overfull \hbox (1.38991pt too wide) in paragraph at lines 329--329
[][] 
 []

<figuras/diagrama_process.png, id=1313, 1664.2175pt x 825.0825pt>
File: figuras/diagrama_process.png Graphic file (type png)
<use figuras/diagrama_process.png>
Package luatex.def Info: figuras/diagrama_process.png  used on input line 329.
(luatex.def)             Requested size: 332.8376pt x 165.01357pt.

Overfull \hbox (25.54773pt too wide) in paragraph at lines 329--329
[][] 
 []



File: ufpr.png Graphic file (type png)
<use ufpr.png>
Package luatex.def Info: ufpr.png  used on input line 329.
(luatex.def)             Requested size: 29.51196pt x 20.17654pt.

Overfull \hbox (58.4263pt too wide) has occurred while \output is active
 [][][][]  
 []


Overfull \hbox (1.38991pt too wide) has occurred while \output is active
[][] 
 []

[20

<./figuras/diagrama_process.png>]
Overfull \hbox (58.4263pt too wide) in paragraph at lines 335--335
 [][][][]  
 []


Overfull \hbox (1.38991pt too wide) in paragraph at lines 335--335
[][] 
 []

<figuras/fluxo_de_calculo.png, id=1372, 1025.8325pt x 452.69125pt>
File: figuras/fluxo_de_calculo.png Graphic file (type png)
<use figuras/fluxo_de_calculo.png>
Package luatex.def Info: figuras/fluxo_de_calculo.png  used on input line 335.
(luatex.def)             Requested size: 256.4575pt x 113.17253pt.


File: ufpr.png Graphic file (type png)
<use ufpr.png>
Package luatex.def Info: ufpr.png  used on input line 335.
(luatex.def)             Requested size: 29.51196pt x 20.17654pt.

Overfull \hbox (58.4263pt too wide) has occurred while \output is active
 [][][][]  
 []


Overfull \hbox (1.38991pt too wide) has occurred while \output is active
[][] 
 []

[21

<./figuras/fluxo_de_calculo.png>]
Overfull \hbox (58.4263pt too wide) in paragraph at lines 352--352
 [][][][]  
 []


Overfull \hbox (1.38991pt too wide) in paragraph at lines 352--352
[][] 
 []

<figuras/fpgasim.png, id=1432, 414.8298pt x 327.3831pt>
File: figuras/fpgasim.png Graphic file (type png)
<use figuras/fpgasim.png>
Package luatex.def Info: figuras/fpgasim.png  used on input line 352.
(luatex.def)             Requested size: 165.92897pt x 130.95091pt.

Overfull \hbox (12.28404pt too wide) in paragraph at lines 352--352
[][] 
 []


Overfull \hbox (13.9855pt too wide) in paragraph at lines 352--352
[]$[]$  $[]$ 
 []



File: ufpr.png Graphic file (type png)
<use ufpr.png>
Package luatex.def Info: ufpr.png  used on input line 352.
(luatex.def)             Requested size: 29.51196pt x 20.17654pt.

Overfull \hbox (58.4263pt too wide) has occurred while \output is active
 [][][][]  
 []


Overfull \hbox (1.38991pt too wide) has occurred while \output is active
[][] 
 []

[22

<./figuras/fpgasim.png>]
Overfull \hbox (58.4263pt too wide) in paragraph at lines 379--379
 [][][][]  
 []


Overfull \hbox (1.38991pt too wide) in paragraph at lines 379--379
[][] 
 []



File: ufpr.png Graphic file (type png)
<use ufpr.png>
Package luatex.def Info: ufpr.png  used on input line 379.
(luatex.def)             Requested size: 29.51196pt x 20.17654pt.

Overfull \hbox (58.4263pt too wide) has occurred while \output is active
 [][][][]  
 []


Overfull \hbox (1.38991pt too wide) has occurred while \output is active
[][] 
 []

[23

<C:/Program Files/MiKTeX/tex/latex/beamer/beamericonarticle.pdf>]
\tf@nav=\write7

\openout7 = main.nav
\tf@toc=\write8

\openout8 = main.toc
\tf@snm=\write9

\openout9 = main.snm
runsystem(latexminted cleantemp  --timestamp 20241120192047 FAD58DE7366495DB4650
CFEFAC2FCD61)...(Command execution disabled via shell_escape='p').

(./main.aux)
 ***********
LaTeX2e <2024-11-01>
L3 programming layer <2024-11-02>
 ***********
Package rerunfilecheck Info: File `main.out' has not changed.
(rerunfilecheck)             Checksum: CBB26B7406A28BE3FFC65B3757EEBC06;2928.
)

Here is how much of LuaTeX's memory you used:
 38470 strings out of 475664
 100000,1648299 words of node,token memory allocated
 22890 words of node memory still in use:
   230 hlist, 12 vlist, 20 rule, 169 disc, 12 local_par, 441 glue, 100 kern, 52 
penalty, 1139 glyph, 1486 attribute, 80 glue_spec, 745 attribute_list, 4 write, 
305 pdf_literal, 23 pdf_start_link, 23 pdf_end_link, 8 pdf_dest, 23 pdf_action, 
136 pdf_colorstack nodes
   avail lists: 2:2081,3:904,4:609,5:380,6:108,7:3680,8:51,9:1120,10:16,11:385
 60075 multiletter control sequences out of 65536+600000
 63 fonts using 4290623 bytes
 142i,20n,129p,598b,858s stack positions out of 10000i,1000n,20000p,200000b,200000s
{C:/Program Files/MiKTeX/fonts/enc/dvips/base/8r.enc}<C:/Program Files/MiKTeX/fo
nts/type1/public/amsfonts/cmextra/cmex7.pfb><C:/Program Files/MiKTeX/fonts/type1
/public/amsfonts/cmextra/cmex8.pfb><C:/Program Files/MiKTeX/fonts/type1/public/a
msfonts/cm/cmmi5.pfb><C:/Program Files/MiKTeX/fonts/type1/public/amsfonts/cm/cmm
i8.pfb><C:/Program Files/MiKTeX/fonts/type1/public/amsfonts/cm/cmss8.pfb><C:/Pro
gram Files/MiKTeX/fonts/type1/public/amsfonts/cm/cmsy5.pfb><C:/Program Files/MiK
TeX/fonts/type1/public/amsfonts/cm/cmsy6.pfb><C:/Program Files/MiKTeX/fonts/type
1/public/amsfonts/cm/cmsy8.pfb><C:/Program Files/MiKTeX/fonts/type1/urw/helvetic
/uhvb8a.pfb><C:/Program Files/MiKTeX/fonts/type1/urw/helvetic/uhvr8a.pfb><C:/Pro
gram Files/MiKTeX/fonts/type1/urw/helvetic/uhvro8a.pfb>
Output written on main.pdf (23 pages, 1150242 bytes).

PDF statistics: 1577 PDF objects out of 1728 (max. 8388607)
 74 named destinations out of 1000 (max. 131072)
 568 words of extra memory for PDF output out of 10000 (max. 100000000)

